<?xml version="1.0" encoding="UTF-8"?>
<!-- Generated by org.testng.reporters.JUnitReportReporter -->
<testsuite skipped="0" hostname="JENCY" name="com.buffalocart.testscript.UserManagementTest" tests="1" failures="0" timestamp="13 Jun 2021 00:04:16 GMT" time="43.539" errors="0">
  <testcase name="verifyChildSidePannelMenu" time="43.539" classname="com.buffalocart.testscript.UserManagementTest"/>
</testsuite> <!-- com.buffalocart.testscript.UserManagementTest -->
