<?xml version="1.0" encoding="UTF-8"?>
<!-- Generated by org.testng.reporters.JUnitReportReporter -->
<testsuite skipped="0" hostname="JENCY" name="com.buffalocart.testscript.SalesCommisionAgentsTest" tests="4" failures="1" timestamp="13 Jun 2021 00:45:24 GMT" time="207.376" errors="0">
  <testcase name="verifyIsSalesPageLoaded" time="49.416" classname="com.buffalocart.testscript.SalesCommisionAgentsTest"/>
  <testcase name="verifySalesPageTitle" time="48.681" classname="com.buffalocart.testscript.SalesCommisionAgentsTest"/>
  <testcase name="verifyAddSalesInformation" time="49.747" classname="com.buffalocart.testscript.SalesCommisionAgentsTest"/>
  <testcase name="VerifyTableContent" time="59.532" classname="com.buffalocart.testscript.SalesCommisionAgentsTest">
    <failure type="java.lang.AssertionError" message="Element is not present expected [Mr Jo Jihan] but found []">
      <![CDATA[java.lang.AssertionError: Element is not present expected [Mr Jo Jihan] but found []
at org.testng.Assert.fail(Assert.java:96)
at org.testng.Assert.failNotEquals(Assert.java:776)
at org.testng.Assert.assertEqualsImpl(Assert.java:137)
at org.testng.Assert.assertEquals(Assert.java:118)
at org.testng.Assert.assertEquals(Assert.java:453)
at com.buffalocart.testscript.SalesCommisionAgentsTest.VerifyTableContent(SalesCommisionAgentsTest.java:78)
at sun.reflect.NativeMethodAccessorImpl.invoke0(Native Method)
at sun.reflect.NativeMethodAccessorImpl.invoke(Unknown Source)
at sun.reflect.DelegatingMethodAccessorImpl.invoke(Unknown Source)
at java.lang.reflect.Method.invoke(Unknown Source)
at org.testng.internal.MethodInvocationHelper.invokeMethod(MethodInvocationHelper.java:124)
at org.testng.internal.Invoker.invokeMethod(Invoker.java:583)
at org.testng.internal.Invoker.invokeTestMethod(Invoker.java:719)
at org.testng.internal.Invoker.invokeTestMethods(Invoker.java:989)
at org.testng.internal.TestMethodWorker.invokeTestMethods(TestMethodWorker.java:125)
at org.testng.internal.TestMethodWorker.run(TestMethodWorker.java:109)
at java.util.concurrent.ThreadPoolExecutor.runWorker(Unknown Source)
at java.util.concurrent.ThreadPoolExecutor$Worker.run(Unknown Source)
at java.lang.Thread.run(Unknown Source)
]]>
    </failure>
  </testcase> <!-- VerifyTableContent -->
</testsuite> <!-- com.buffalocart.testscript.SalesCommisionAgentsTest -->
