<?xml version="1.0" encoding="UTF-8"?>
<!-- Generated by org.testng.reporters.JUnitReportReporter -->
<testsuite skipped="0" hostname="JENCY" name="com.buffalocart.testscript.ResetPasswordTest" tests="3" failures="0" timestamp="13 Jun 2021 00:00:05 GMT" time="95.208" errors="0">
  <testcase name="verifyResetPageLoaded" time="32.136" classname="com.buffalocart.testscript.ResetPasswordTest"/>
  <testcase name="verifyResetPageTitle" time="32.182" classname="com.buffalocart.testscript.ResetPasswordTest"/>
  <testcase name="verifyErrorMessage" time="30.890" classname="com.buffalocart.testscript.ResetPasswordTest"/>
</testsuite> <!-- com.buffalocart.testscript.ResetPasswordTest -->
