<?xml version="1.0" encoding="UTF-8"?>
<!-- Generated by org.testng.reporters.JUnitReportReporter -->
<testsuite skipped="0" hostname="JENCY" name="com.buffalocart.testscript.LoginTest" tests="2" failures="0" timestamp="14 Jun 2021 03:55:03 GMT" time="43.757" errors="0">
  <testcase name="verifyValidLogin" time="21.547" classname="com.buffalocart.testscript.LoginTest"/>
  <testcase name="verifyValidLogin" time="22.210" classname="com.buffalocart.testscript.LoginTest"/>
</testsuite> <!-- com.buffalocart.testscript.LoginTest -->
