<?xml version="1.0" encoding="UTF-8"?>
<!-- Generated by org.testng.reporters.JUnitReportReporter -->
<testsuite skipped="0" hostname="JENCY" name="com.buffalocart.testscript.RolesTest" tests="5" failures="0" timestamp="13 Jun 2021 00:34:46 GMT" time="239.704" errors="0">
  <testcase name="verifyIsRolesPageLoaded" time="50.104" classname="com.buffalocart.testscript.RolesTest"/>
  <testcase name="verifyRolesTitle" time="42.281" classname="com.buffalocart.testscript.RolesTest"/>
  <testcase name="VerifyaddRoles" time="54.771" classname="com.buffalocart.testscript.RolesTest"/>
  <testcase name="verifyTableElement" time="44.744" classname="com.buffalocart.testscript.RolesTest"/>
  <testcase name="verifySearch" time="47.804" classname="com.buffalocart.testscript.RolesTest"/>
</testsuite> <!-- com.buffalocart.testscript.RolesTest -->
