<?xml version="1.0" encoding="UTF-8"?>
<!-- Generated by org.testng.reporters.JUnitReportReporter -->
<testsuite skipped="0" hostname="JENCY" name="com.buffalocart.testscript.HomeTest" tests="3" failures="0" timestamp="12 Jun 2021 23:54:32 GMT" time="134.913" errors="0">
  <testcase name="verifyHomePageTitle" time="57.086" classname="com.buffalocart.testscript.HomeTest"/>
  <testcase name="verifyHomePageLoaded" time="36.199" classname="com.buffalocart.testscript.HomeTest"/>
  <testcase name="verifyDate" time="41.628" classname="com.buffalocart.testscript.HomeTest"/>
</testsuite> <!-- com.buffalocart.testscript.HomeTest -->
